2026 - 07 -08  12-24-52 - INFO - Extraction Process is started
2026 - 07 -08  12-35-18 - INFO - Extraction Process is started
2026 - 07 -08  12-37-48 - INFO - Extraction Process is started
2026 - 07 -08  12-38-21 - INFO - Extraction Process is started
2026 - 07 -08  12-45-16 - INFO - Extraction Process is started
2026 - 07 -08  12-45-35 - INFO - Extraction Process is started
2026 - 07 -08  12-45-48 - INFO - Extraction Process is started
2026 - 07 -08  12-46-50 - INFO - Extraction Process is started
2026 - 07 -08  12-47-41 - INFO - Extraction Process is started
2026 - 07 -08  12-48-05 - INFO - Extraction Process is started
2026 - 07 -08  12-48-32 - INFO - Extraction Process is started
2026 - 07 -08  12-49-00 - INFO - Extraction Process is started
2026 - 07 -08  12-54-00 - INFO - Extraction Process is started
2026 - 07 -08  12-54-03 - ERROR - Failed to transform: 'Emp_ID'
2026 - 07 -08  12-59-46 - INFO - Extraction Process is started
2026 - 07 -08  12-59-59 - INFO - Extraction Process is started
2026 - 07 -08  13-00-13 - INFO - Extraction Process is started
2026 - 07 -08  13-00-55 - INFO - Extraction Process is started
2026 - 07 -08  13-10-37 - INFO - Extraction Process is started
2026 - 07 -08  13-10-40 - ERROR - Failed to transform: "None of [Index(['Emp_ID', 'First_Name', 'Last_Name', 'Gender', 'Phone', 'Email', 'City',\n       'State', 'Dept_ID', 'Job_Title', 'Employment_Status', 'Education',\n       'Blood_Group', 'Emergency_Contact'],\n      dtype='str')] are in the [columns]"
2026 - 07 -08  13-10-51 - INFO - Extraction Process is started
2026 - 07 -08  13-10-54 - ERROR - Failed to transform: "None of [Index(['Emp_ID', 'First_Name', 'Last_Name', 'Gender', 'Phone', 'Email', 'City',\n       'State', 'Dept_ID', 'Job_Title', 'Employment_Status', 'Education',\n       'Blood_Group', 'Emergency_Contact'],\n      dtype='str')] are in the [columns]"
2026 - 07 -08  13-11-11 - INFO - Extraction Process is started
2026 - 07 -08  13-11-14 - ERROR - Failed to transform: "None of [Index(['Emp_ID', 'First_Name', 'Last_Name', 'Gender', 'Phone', 'Email', 'City',\n       'State', 'Dept_ID', 'Job_Title', 'Employment_Status', 'Education',\n       'Blood_Group', 'Emergency_Contact'],\n      dtype='str')] are in the [columns]"
2026 - 07 -08  13-11-32 - INFO - Extraction Process is started
2026 - 07 -08  13-11-35 - ERROR - Failed to transform: "None of [Index(['Emp_ID', 'First_Name', 'Last_Name', 'Gender', 'Phone', 'Email', 'City',\n       'State', 'Dept_ID', 'Job_Title', 'Employment_Status', 'Education',\n       'Blood_Group', 'Emergency_Contact'],\n      dtype='str')] are in the [columns]"
2026 - 07 -08  13-11-45 - INFO - Extraction Process is started
2026 - 07 -08  13-11-48 - ERROR - Failed to transform: "None of [Index(['Emp_ID', 'First_Name', 'Last_Name', 'Gender', 'Phone', 'Email', 'City',\n       'State', 'Dept_ID', 'Job_Title', 'Employment_Status', 'Education',\n       'Blood_Group', 'Emergency_Contact'],\n      dtype='str')] are in the [columns]"
2026 - 07 -08  13-12-02 - INFO - Extraction Process is started
2026 - 07 -08  13-12-05 - ERROR - Failed to transform: "None of [Index(['Emp_ID', 'First_Name', 'Last_Name', 'Gender', 'Phone', 'Email', 'City',\n       'State', 'Dept_ID', 'Job_Title', 'Employment_Status', 'Education',\n       'Blood_Group', 'Emergency_Contact'],\n      dtype='str')] are in the [columns]"
2026 - 07 -08  13-12-13 - INFO - Extraction Process is started
2026 - 07 -08  13-12-16 - ERROR - Failed to transform: "None of [Index(['Emp_ID', 'First_Name', 'Last_Name', 'Gender', 'Phone', 'Email', 'City',\n       'State', 'Dept_ID', 'Job_Title', 'Employment_Status', 'Education',\n       'Blood_Group', 'Emergency_Contact'],\n      dtype='str')] are in the [columns]"
2026 - 07 -08  13-16-58 - INFO - Extraction Process is started
2026 - 07 -08  13-17-01 - ERROR - Failed to transform: "None of [Index(['Emp_ID', 'First_Name', 'Last_Name', 'Gender', 'Phone', 'Email', 'City',\n       'State', 'Dept_ID', 'Job_Title', 'Employment_Status', 'Education',\n       'Blood_Group', 'Emergency_Contact'],\n      dtype='str')] are in the [columns]"
2026 - 07 -08  13-20-45 - INFO - Extraction Process is started
2026 - 07 -08  13-20-59 - INFO - Extraction Process is started
2026 - 07 -08  13-44-27 - INFO - Extraction Process is started
2026 - 07 -08  13-44-28 - INFO - Extract Process is Completed
2026 - 07 -08  13-45-07 - INFO - Extraction Process is started
2026 - 07 -08  13-45-08 - INFO - Extract Process is Completed
2026 - 07 -08  13-50-05 - INFO - Extraction Process is started
2026 - 07 -08  13-50-06 - INFO - Extract Process is Completed
2026 - 07 -08  13-53-10 - INFO - Extraction Process is started
2026 - 07 -08  13-53-11 - INFO - Extract Process is Completed
2026 - 07 -08  13-53-24 - INFO - Extraction Process is started
2026 - 07 -08  13-53-25 - INFO - Extract Process is Completed
2026 - 07 -08  13-56-56 - INFO - Extraction Process is started
2026 - 07 -08  13-56-58 - INFO - Extract Process is Completed
2026 - 07 -08  13-56-59 - ERROR - Failed to transform: cannot access local variable 'string_cols' where it is not associated with a value
2026 - 07 -08  13-57-30 - INFO - Extraction Process is started
2026 - 07 -08  13-57-32 - INFO - Extract Process is Completed
2026 - 07 -08  13-58-00 - INFO - Extraction Process is started
2026 - 07 -08  13-58-01 - INFO - Extract Process is Completed
2026 - 07 -08  13-58-26 - INFO - Extraction Process is started
2026 - 07 -08  13-58-27 - INFO - Extract Process is Completed
2026 - 07 -08  14-09-38 - INFO - Extraction Process is started
2026 - 07 -08  14-09-39 - INFO - Extract Process is Completed
2026 - 07 -08  14-14-54 - INFO - Extraction Process is started
2026 - 07 -08  14-14-56 - INFO - Extract Process is Completed
